==8719== Memcheck, a memory error detector
==8719== Copyright (C) 2002-2012, and GNU GPL'd, by Julian Seward et al.
==8719== Using Valgrind-3.8.1 and LibVEX; rerun with -h for copyright info
==8719== Command: ./assignment4
==8719== Parent PID: 25287
==8719== 
--8719-- 
--8719-- Valgrind options:
--8719--    -v
--8719--    --leak-check=full
--8719--    --log-file=./valgrind-report.out
--8719-- Contents of /proc/version:
--8719--   Linux version 2.6.32-358.14.1.el6.x86_64 (mockbuild@x86-022.build.eng.bos.redhat.com) (gcc version 4.4.7 20120313 (Red Hat 4.4.7-3) (GCC) ) #1 SMP Mon Jun 17 15:54:20 EDT 2013
--8719-- Arch and hwcaps: AMD64, amd64-sse3-cx16
--8719-- Page sizes: currently 4096, max supported 4096
--8719-- Valgrind library directory: /usr/lib64/valgrind
--8719-- Reading syms from /home/ybanda/OODP/cs507-spring2015-assignment4-master/assignment4
--8719-- Reading syms from /usr/lib64/valgrind/memcheck-amd64-linux
--8719--    object doesn't have a dynamic symbol table
--8719-- Reading syms from /lib64/ld-2.12.so
--8719-- Scheduler: using generic scheduler lock implementation.
--8719-- Reading suppressions file: /usr/lib64/valgrind/default.supp
==8719== embedded gdbserver: reading from /tmp/vgdb-pipe-from-vgdb-to-8719-by-ybanda-on-pegasus.cs.iupui.edu
==8719== embedded gdbserver: writing to   /tmp/vgdb-pipe-to-vgdb-from-8719-by-ybanda-on-pegasus.cs.iupui.edu
==8719== embedded gdbserver: shared mem   /tmp/vgdb-pipe-shared-mem-vgdb-8719-by-ybanda-on-pegasus.cs.iupui.edu
==8719== 
==8719== TO CONTROL THIS PROCESS USING vgdb (which you probably
==8719== don't want to do, unless you know exactly what you're doing,
==8719== or are doing some strange experiment):
==8719==   /usr/lib64/valgrind/../../bin/vgdb --pid=8719 ...command...
==8719== 
==8719== TO DEBUG THIS PROCESS USING GDB: start GDB like this
==8719==   /path/to/gdb ./assignment4
==8719== and then give GDB the following command
==8719==   target remote | /usr/lib64/valgrind/../../bin/vgdb --pid=8719
==8719== --pid is optional if only one valgrind process is running
==8719== 
--8719-- REDIR: 0x38a3c176d0 (strlen) redirected to 0x38049551 (vgPlain_amd64_linux_REDIR_FOR_strlen)
--8719-- Reading syms from /usr/lib64/valgrind/vgpreload_core-amd64-linux.so
--8719-- Reading syms from /usr/lib64/valgrind/vgpreload_memcheck-amd64-linux.so
--8719-- REDIR: 0x38a3c174e0 (index) redirected to 0x4a07c30 (index)
--8719-- REDIR: 0x38a3c17560 (strcmp) redirected to 0x4a08570 (strcmp)
--8719-- Reading syms from /lib64/libdl-2.12.so
--8719-- Reading syms from /lib64/librt-2.12.so
--8719-- Reading syms from /lib64/libpthread-2.12.so
--8719-- Reading syms from /usr/lib64/libstdc++.so.6.0.13
--8719--    object doesn't have a symbol table
--8719-- Reading syms from /lib64/libm-2.12.so
--8719-- Reading syms from /lib64/libgcc_s-4.4.7-20120601.so.1
--8719--    object doesn't have a symbol table
--8719-- Reading syms from /lib64/libc-2.12.so
--8719-- REDIR: 0x38a4084cd0 (strcasecmp) redirected to 0x480155c (_vgnU_ifunc_wrapper)
--8719-- REDIR: 0x38a4086f90 (strncasecmp) redirected to 0x480155c (_vgnU_ifunc_wrapper)
--8719-- REDIR: 0x38a4081160 (__GI_strlen) redirected to 0x4a07fb0 (__GI_strlen)
--8719-- REDIR: 0x38a4082c40 (__GI_strrchr) redirected to 0x4a07ab0 (__GI_strrchr)
--8719-- REDIR: 0x38a407f6e0 (strcmp) redirected to 0x480155c (_vgnU_ifunc_wrapper)
--8719-- REDIR: 0x38a41282a0 (__strcmp_sse42) redirected to 0x4a084d0 (strcmp)
--8719-- REDIR: 0x38a4081120 (strlen) redirected to 0x480155c (_vgnU_ifunc_wrapper)
--8719-- REDIR: 0x38a4133570 (__strlen_sse42) redirected to 0x4a07f90 (strlen)
--8719-- REDIR: 0x38af8bd0a0 (operator new(unsigned long)) redirected to 0x4a0757a (operator new(unsigned long))
--8719-- REDIR: 0x38a4089670 (memcpy) redirected to 0x4a08b60 (memcpy)
--8719-- REDIR: 0x38af8bb2f0 (operator delete(void*)) redirected to 0x4a05f8f (operator delete(void*))
--8719-- REDIR: 0x38af8bd1d0 (operator new[](unsigned long)) redirected to 0x4a07110 (operator new[](unsigned long))
--8719-- REDIR: 0x38af8bb330 (operator delete[](void*)) redirected to 0x4a05adf (operator delete[](void*))
--8719-- REDIR: 0x38a4084500 (mempcpy) redirected to 0x4a0a020 (mempcpy)
--8719-- REDIR: 0x38a407b520 (free) redirected to 0x4a063a9 (free)
==8719== 
==8719== HEAP SUMMARY:
==8719==     in use at exit: 0 bytes in 0 blocks
==8719==   total heap usage: 232 allocs, 232 frees, 8,623 bytes allocated
==8719== 
==8719== All heap blocks were freed -- no leaks are possible
==8719== 
==8719== ERROR SUMMARY: 0 errors from 0 contexts (suppressed: 6 from 6)
--8719-- 
--8719-- used_suppression:      4 U1004-ARM-_dl_relocate_object
--8719-- used_suppression:      2 glibc-2.5.x-on-SUSE-10.2-(PPC)-2a
==8719== 
==8719== ERROR SUMMARY: 0 errors from 0 contexts (suppressed: 6 from 6)
