==12368== Memcheck, a memory error detector
==12368== Copyright (C) 2002-2012, and GNU GPL'd, by Julian Seward et al.
==12368== Using Valgrind-3.8.1 and LibVEX; rerun with -h for copyright info
==12368== Command: ./Array
==12368== Parent PID: 5941
==12368== 
==12368== 
==12368== HEAP SUMMARY:
==12368==     in use at exit: 210 bytes in 8 blocks
==12368==   total heap usage: 12 allocs, 4 frees, 227 bytes allocated
==12368== 
==12368== LEAK SUMMARY:
==12368==    definitely lost: 72 bytes in 3 blocks
==12368==    indirectly lost: 138 bytes in 5 blocks
==12368==      possibly lost: 0 bytes in 0 blocks
==12368==    still reachable: 0 bytes in 0 blocks
==12368==         suppressed: 0 bytes in 0 blocks
==12368== Rerun with --leak-check=full to see details of leaked memory
==12368== 
==12368== For counts of detected and suppressed errors, rerun with: -v
==12368== ERROR SUMMARY: 0 errors from 0 contexts (suppressed: 6 from 6)
