[ybanda@pegasus OODP]$ valgrind ./a.out
==20369== Memcheck, a memory error detector
==20369== Copyright (C) 2002-2012, and GNU GPL'd, by Julian Seward et al.
==20369== Using Valgrind-3.8.1 and LibVEX; rerun with -h for copyright info
==20369== Command: ./a.out
==20369==
GET_3::3
Size 2.size 140
Size 2.Resize 5
Size 2.Resize 15
Array 1 Size 8
Array 2 15
==20369== Invalid read of size 1
==20369==    at 0x4010B0: Array::Array(Array const&) (in /home/ybanda/OODP/a.out)
==20369==    by 0x401D23: main (in /home/ybanda/OODP/a.out)
==20369==  Address 0x4c34138 is 0 bytes after a block of size 8 alloc'd
==20369==    at 0x4A07192: operator new[](unsigned long) (vg_replace_malloc.c:363)
==20369==    by 0x401163: Array::operator=(Array const&) (in /home/ybanda/OODP/a.out)
==20369==    by 0x401D0E: main (in /home/ybanda/OODP/a.out)
==20369==
==20369== Invalid write of size 1
==20369==    at 0x4010B3: Array::Array(Array const&) (in /home/ybanda/OODP/a.out)
==20369==    by 0x401D23: main (in /home/ybanda/OODP/a.out)
==20369==  Address 0x4c34188 is 0 bytes after a block of size 8 alloc'd
==20369==    at 0x4A07192: operator new[](unsigned long) (vg_replace_malloc.c:363)
==20369==    by 0x401065: Array::Array(Array const&) (in /home/ybanda/OODP/a.out)
==20369==    by 0x401D23: main (in /home/ybanda/OODP/a.out)
==20369==
Array 3 Size 8
3       3       4       3       3       3       3       3       3       3       4       3     33       3       3
 Array 3 8
3       3       4       3       3       3       3       3       Array . Find 4 2        Array . Find Invalid :: -1
Array . Find 4 Start 2  Array . Find Invalid :: -1
!= Operator True ::0
!= Operator False ::0
Y
Y
Y
Y
Y
Y
Y
Y
Array == Operator 1Value 3 of the Array d==20369==
==20369== HEAP SUMMARY:
==20369==     in use at exit: 0 bytes in 0 blocks
==20369==   total heap usage: 7 allocs, 7 frees, 67 bytes allocated
==20369==
==20369== All heap blocks were freed -- no leaks are possible
==20369==
==20369== For counts of detected and suppressed errors, rerun with: -v
==20369== ERROR SUMMARY: 2 errors from 2 contexts (suppressed: 6 from 6)
[ybanda@pegasus OODP]$ valgrind ./a.out --tool=memcheck --leak-check=full --show-reachable=yes --log-file=valgrind-report.out
==20410== Memcheck, a memory error detector
==20410== Copyright (C) 2002-2012, and GNU GPL'd, by Julian Seward et al.
==20410== Using Valgrind-3.8.1 and LibVEX; rerun with -h for copyright info
==20410== Command: ./a.out --tool=memcheck --leak-check=full --show-reachable=yes --log-file=valgrind-report.out
==20410==
GET_3::3
Size 2.size 140
Size 2.Resize 5
Size 2.Resize 15
Array 1 Size 8
Array 2 15
==20410== Invalid read of size 1
==20410==    at 0x4010B0: Array::Array(Array const&) (in /home/ybanda/OODP/a.out)
==20410==    by 0x401D23: main (in /home/ybanda/OODP/a.out)
==20410==  Address 0x4c34138 is 0 bytes after a block of size 8 alloc'd
==20410==    at 0x4A07192: operator new[](unsigned long) (vg_replace_malloc.c:363)
==20410==    by 0x401163: Array::operator=(Array const&) (in /home/ybanda/OODP/a.out)
==20410==    by 0x401D0E: main (in /home/ybanda/OODP/a.out)
==20410==
==20410== Invalid write of size 1
==20410==    at 0x4010B3: Array::Array(Array const&) (in /home/ybanda/OODP/a.out)
==20410==    by 0x401D23: main (in /home/ybanda/OODP/a.out)
==20410==  Address 0x4c34188 is 0 bytes after a block of size 8 alloc'd
==20410==    at 0x4A07192: operator new[](unsigned long) (vg_replace_malloc.c:363)
==20410==    by 0x401065: Array::Array(Array const&) (in /home/ybanda/OODP/a.out)
==20410==    by 0x401D23: main (in /home/ybanda/OODP/a.out)
==20410==
Array 3 Size 8
3       3       4       3       3       3       3       3       3       3       4       3     33       3       3
 Array 3 8
3       3       4       3       3       3       3       3       Array . Find 4 2        Array . Find Invalid :: -1
Array . Find 4 Start 2  Array . Find Invalid :: -1
!= Operator True ::0
!= Operator False ::0
Y
Y
Y
Y
Y
Y
Y
Y
Array == Operator 1Value 3 of the Array d==20410==
==20410== HEAP SUMMARY:
==20410==     in use at exit: 0 bytes in 0 blocks
==20410==   total heap usage: 7 allocs, 7 frees, 67 bytes allocated
==20410==
==20410== All heap blocks were freed -- no leaks are possible
==20410==
==20410== For counts of detected and suppressed errors, rerun with: -v
==20410== ERROR SUMMARY: 2 errors from 2 contexts (suppressed: 6 from 6)
[ybanda@pegasus OODP]$
